<?xml version="1.0" encoding="UTF-8"?>
<testng-results ignored="0" total="2" passed="2" failed="0" skipped="0">
  <reporter-output>
  </reporter-output>
  <suite started-at="2023-06-02T09:56:32 CEST" name="Default suite" finished-at="2023-06-02T09:56:35 CEST" duration-ms="2916">
    <groups>
    </groups>
    <test started-at="2023-06-02T09:56:32 CEST" name="Default test" finished-at="2023-06-02T09:56:35 CEST" duration-ms="2916">
      <class name="com.restfulBooker.RestfulBookerSmoke">
        <test-method is-config="true" signature="setup()[pri:0, instance:com.restfulBooker.RestfulBookerSmoke@6c130c45]" started-at="2023-06-02T09:56:32 CEST" name="setup" finished-at="2023-06-02T09:56:33 CEST" duration-ms="292" status="PASS">
          <reporter-output>
          </reporter-output>
        </test-method> <!-- setup -->
        <test-method signature="UserRegistration()[pri:1, instance:com.restfulBooker.RestfulBookerSmoke@6c130c45]" started-at="2023-06-02T09:56:33 CEST" name="UserRegistration" finished-at="2023-06-02T09:56:35 CEST" duration-ms="1814" status="PASS">
          <reporter-output>
          </reporter-output>
        </test-method> <!-- UserRegistration -->
        <test-method signature="CreateBooking()[pri:2, instance:com.restfulBooker.RestfulBookerSmoke@6c130c45]" started-at="2023-06-02T09:56:35 CEST" name="CreateBooking" finished-at="2023-06-02T09:56:35 CEST" duration-ms="790" status="PASS">
          <reporter-output>
          </reporter-output>
        </test-method> <!-- CreateBooking -->
      </class> <!-- com.restfulBooker.RestfulBookerSmoke -->
    </test> <!-- Default test -->
  </suite> <!-- Default suite -->
</testng-results>
